<?xml version="1.0" encoding="UTF-8"?>
<!-- Generated by org.testng.reporters.JUnitReportReporter -->
<testsuite skipped="0" hostname="LAPTOP-2B009ES8" name="JKDemo1.Login_Test" tests="1" failures="0" timestamp="14 Oct 2019 14:24:26 GMT" time="14.086" errors="0">
  <testcase name="search" time="14.086" classname="JKDemo1.Login_Test"/>
</testsuite> <!-- JKDemo1.Login_Test -->
